#! /c/Source/iverilog-install/bin/vvp
:ivl_version "12.0 (devel)" "(s20150603-1539-g2693dd32b)";
:ivl_delay_selection "TYPICAL";
:vpi_time_precision + 0;
:vpi_module "C:\iverilog\lib\ivl\system.vpi";
:vpi_module "C:\iverilog\lib\ivl\vhdl_sys.vpi";
:vpi_module "C:\iverilog\lib\ivl\vhdl_textio.vpi";
:vpi_module "C:\iverilog\lib\ivl\v2005_math.vpi";
:vpi_module "C:\iverilog\lib\ivl\va_math.vpi";
S_000001a1692e65f0 .scope module, "test" "test" 2 2;
 .timescale 0 0;
v000001a16929b7c0_0 .var "clk", 0 0;
v000001a16929b860_0 .var "clr", 0 0;
v000001a16929b900_0 .var "d", 0 0;
v000001a16929b9a0_0 .net "q", 3 0, v000001a16929b680_0;  1 drivers
S_000001a1692e6780 .scope module, "u" "shift" 2 5, 3 1 0, S_000001a1692e65f0;
 .timescale 0 0;
    .port_info 0 /INPUT 1 "clk";
    .port_info 1 /INPUT 1 "clr";
    .port_info 2 /INPUT 1 "d";
    .port_info 3 /OUTPUT 4 "q";
v000001a1692e6910_0 .net "clk", 0 0, v000001a16929b7c0_0;  1 drivers
v000001a1692b3120_0 .net "clr", 0 0, v000001a16929b860_0;  1 drivers
v000001a1692e69b0_0 .net "d", 0 0, v000001a16929b900_0;  1 drivers
v000001a16929b680_0 .var "q", 3 0;
v000001a16929b720_0 .var "temp", 3 0;
E_000001a16929c990 .event posedge, v000001a1692e6910_0;
    .scope S_000001a1692e6780;
T_0 ;
    %wait E_000001a16929c990;
    %load/vec4 v000001a1692b3120_0;
    %pad/u 32;
    %cmpi/e 1, 0, 32;
    %jmp/0xz  T_0.0, 4;
    %pushi/vec4 0, 0, 4;
    %store/vec4 v000001a16929b680_0, 0, 4;
    %jmp T_0.1;
T_0.0 ;
    %load/vec4 v000001a16929b680_0;
    %ix/load 4, 1, 0;
    %flag_set/imm 4, 0;
    %shiftr 4;
    %store/vec4 v000001a16929b720_0, 0, 4;
    %load/vec4 v000001a1692e69b0_0;
    %load/vec4 v000001a16929b720_0;
    %parti/s 3, 0, 2;
    %concat/vec4; draw_concat_vec4
    %store/vec4 v000001a16929b680_0, 0, 4;
T_0.1 ;
    %jmp T_0;
    .thread T_0;
    .scope S_000001a1692e65f0;
T_1 ;
    %pushi/vec4 0, 0, 1;
    %store/vec4 v000001a16929b7c0_0, 0, 1;
    %pushi/vec4 1, 0, 1;
    %store/vec4 v000001a16929b860_0, 0, 1;
    %pushi/vec4 0, 0, 1;
    %store/vec4 v000001a16929b900_0, 0, 1;
    %delay 3, 0;
    %pushi/vec4 0, 0, 1;
    %store/vec4 v000001a16929b860_0, 0, 1;
    %delay 2, 0;
    %load/vec4 v000001a16929b900_0;
    %inv;
    %store/vec4 v000001a16929b900_0, 0, 1;
    %end;
    .thread T_1;
    .scope S_000001a1692e65f0;
T_2 ;
    %delay 1, 0;
    %load/vec4 v000001a16929b7c0_0;
    %inv;
    %store/vec4 v000001a16929b7c0_0, 0, 1;
    %jmp T_2;
    .thread T_2;
    .scope S_000001a1692e65f0;
T_3 ;
    %vpi_call 2 13 "$monitor", "%t  q=%b ", $time, v000001a16929b9a0_0 {0 0 0};
    %end;
    .thread T_3;
    .scope S_000001a1692e65f0;
T_4 ;
    %delay 20, 0;
    %vpi_call 2 15 "$finish" {0 0 0};
    %end;
    .thread T_4;
# The file index is used to find the file name in the following table.
:file_names 4;
    "N/A";
    "<interactive>";
    ".\shifter_tb.v";
    "./shifter.v";
