#! /usr/bin/vvp
:ivl_version "10.1 (stable)";
:ivl_delay_selection "TYPICAL";
:vpi_time_precision + 0;
:vpi_module "system";
:vpi_module "vhdl_sys";
:vpi_module "v2005_math";
:vpi_module "va_math";
S_0x55c75c2f89b0 .scope module, "fabyha" "fabyha" 2 2;
 .timescale 0 0;
v0x55c75c319c10_0 .var "A", 0 0;
v0x55c75c319cd0_0 .var "B", 0 0;
v0x55c75c319de0_0 .var "C", 0 0;
v0x55c75c319ed0_0 .net "Carry", 0 0, L_0x55c75c31a170;  1 drivers
v0x55c75c319f70_0 .net "Sum", 0 0, L_0x55c75c31a060;  1 drivers
S_0x55c75c2f8b30 .scope module, "i" "fa" 2 6, 3 2 0, S_0x55c75c2f89b0;
 .timescale 0 0;
    .port_info 0 /OUTPUT 1 "Sum"
    .port_info 1 /OUTPUT 1 "Carry"
    .port_info 2 /INPUT 1 "A"
    .port_info 3 /INPUT 1 "B"
    .port_info 4 /INPUT 1 "C"
L_0x55c75c31a060 .functor BUFZ 1, v0x55c75c319350_0, C4<0>, C4<0>, C4<0>;
L_0x55c75c31a170 .functor OR 1, v0x55c75c319280_0, v0x55c75c318c90_0, C4<0>, C4<0>;
v0x55c75c3194c0_0 .net "A", 0 0, v0x55c75c319c10_0;  1 drivers
v0x55c75c319580_0 .net "B", 0 0, v0x55c75c319cd0_0;  1 drivers
v0x55c75c319650_0 .net "C", 0 0, v0x55c75c319de0_0;  1 drivers
v0x55c75c319750_0 .net "Carry", 0 0, L_0x55c75c31a170;  alias, 1 drivers
v0x55c75c3197f0_0 .net "D", 0 0, v0x55c75c318c90_0;  1 drivers
v0x55c75c3198e0_0 .net "S", 0 0, v0x55c75c319350_0;  1 drivers
v0x55c75c3199b0_0 .net "Sum", 0 0, L_0x55c75c31a060;  alias, 1 drivers
v0x55c75c319a50_0 .net "Y", 0 0, v0x55c75c318d30_0;  1 drivers
v0x55c75c319b40_0 .net "Z", 0 0, v0x55c75c319280_0;  1 drivers
S_0x55c75c2f8d30 .scope module, "a" "ha" 3 4, 4 1 0, S_0x55c75c2f8b30;
 .timescale 0 0;
    .port_info 0 /OUTPUT 1 "S"
    .port_info 1 /OUTPUT 1 "C"
    .port_info 2 /INPUT 1 "A"
    .port_info 3 /INPUT 1 "B"
v0x55c75c2f8f70_0 .net "A", 0 0, v0x55c75c319c10_0;  alias, 1 drivers
v0x55c75c318bd0_0 .net "B", 0 0, v0x55c75c319cd0_0;  alias, 1 drivers
v0x55c75c318c90_0 .var "C", 0 0;
v0x55c75c318d30_0 .var "S", 0 0;
E_0x55c75c2ec5c0 .event edge, v0x55c75c318bd0_0, v0x55c75c2f8f70_0;
S_0x55c75c318e70 .scope module, "b" "ha" 3 5, 4 1 0, S_0x55c75c2f8b30;
 .timescale 0 0;
    .port_info 0 /OUTPUT 1 "S"
    .port_info 1 /OUTPUT 1 "C"
    .port_info 2 /INPUT 1 "A"
    .port_info 3 /INPUT 1 "B"
v0x55c75c3190f0_0 .net "A", 0 0, v0x55c75c318d30_0;  alias, 1 drivers
v0x55c75c3191e0_0 .net "B", 0 0, v0x55c75c319de0_0;  alias, 1 drivers
v0x55c75c319280_0 .var "C", 0 0;
v0x55c75c319350_0 .var "S", 0 0;
E_0x55c75c2eb8a0 .event edge, v0x55c75c3191e0_0, v0x55c75c318d30_0;
    .scope S_0x55c75c2f8d30;
T_0 ;
    %wait E_0x55c75c2ec5c0;
    %load/vec4 v0x55c75c2f8f70_0;
    %load/vec4 v0x55c75c318bd0_0;
    %xor;
    %cassign/vec4 v0x55c75c318d30_0;
    %load/vec4 v0x55c75c2f8f70_0;
    %load/vec4 v0x55c75c318bd0_0;
    %and;
    %cassign/vec4 v0x55c75c318c90_0;
    %jmp T_0;
    .thread T_0, $push;
    .scope S_0x55c75c318e70;
T_1 ;
    %wait E_0x55c75c2eb8a0;
    %load/vec4 v0x55c75c3190f0_0;
    %load/vec4 v0x55c75c3191e0_0;
    %xor;
    %cassign/vec4 v0x55c75c319350_0;
    %load/vec4 v0x55c75c3190f0_0;
    %load/vec4 v0x55c75c3191e0_0;
    %and;
    %cassign/vec4 v0x55c75c319280_0;
    %jmp T_1;
    .thread T_1, $push;
    .scope S_0x55c75c2f89b0;
T_2 ;
    %pushi/vec4 0, 0, 1;
    %store/vec4 v0x55c75c319c10_0, 0, 1;
    %pushi/vec4 0, 0, 1;
    %store/vec4 v0x55c75c319cd0_0, 0, 1;
    %pushi/vec4 0, 0, 1;
    %store/vec4 v0x55c75c319de0_0, 0, 1;
    %delay 1, 0;
    %pushi/vec4 0, 0, 1;
    %store/vec4 v0x55c75c319c10_0, 0, 1;
    %pushi/vec4 0, 0, 1;
    %store/vec4 v0x55c75c319cd0_0, 0, 1;
    %pushi/vec4 1, 0, 1;
    %store/vec4 v0x55c75c319de0_0, 0, 1;
    %delay 1, 0;
    %pushi/vec4 0, 0, 1;
    %store/vec4 v0x55c75c319c10_0, 0, 1;
    %pushi/vec4 1, 0, 1;
    %store/vec4 v0x55c75c319cd0_0, 0, 1;
    %pushi/vec4 0, 0, 1;
    %store/vec4 v0x55c75c319de0_0, 0, 1;
    %delay 1, 0;
    %pushi/vec4 0, 0, 1;
    %store/vec4 v0x55c75c319c10_0, 0, 1;
    %pushi/vec4 1, 0, 1;
    %store/vec4 v0x55c75c319cd0_0, 0, 1;
    %pushi/vec4 1, 0, 1;
    %store/vec4 v0x55c75c319de0_0, 0, 1;
    %delay 1, 0;
    %pushi/vec4 1, 0, 1;
    %store/vec4 v0x55c75c319c10_0, 0, 1;
    %pushi/vec4 0, 0, 1;
    %store/vec4 v0x55c75c319cd0_0, 0, 1;
    %pushi/vec4 0, 0, 1;
    %store/vec4 v0x55c75c319de0_0, 0, 1;
    %delay 1, 0;
    %pushi/vec4 1, 0, 1;
    %store/vec4 v0x55c75c319c10_0, 0, 1;
    %pushi/vec4 0, 0, 1;
    %store/vec4 v0x55c75c319cd0_0, 0, 1;
    %pushi/vec4 1, 0, 1;
    %store/vec4 v0x55c75c319de0_0, 0, 1;
    %delay 1, 0;
    %pushi/vec4 1, 0, 1;
    %store/vec4 v0x55c75c319c10_0, 0, 1;
    %pushi/vec4 1, 0, 1;
    %store/vec4 v0x55c75c319cd0_0, 0, 1;
    %pushi/vec4 0, 0, 1;
    %store/vec4 v0x55c75c319de0_0, 0, 1;
    %delay 1, 0;
    %pushi/vec4 1, 0, 1;
    %store/vec4 v0x55c75c319c10_0, 0, 1;
    %pushi/vec4 1, 0, 1;
    %store/vec4 v0x55c75c319cd0_0, 0, 1;
    %pushi/vec4 1, 0, 1;
    %store/vec4 v0x55c75c319de0_0, 0, 1;
    %end;
    .thread T_2;
    .scope S_0x55c75c2f89b0;
T_3 ;
    %vpi_call 2 20 "$monitor", "A=%d B=%d Cin=%d S=%d Cout=%d", v0x55c75c319c10_0, v0x55c75c319cd0_0, v0x55c75c319de0_0, v0x55c75c319f70_0, v0x55c75c319ed0_0 {0 0 0};
    %end;
    .thread T_3;
# The file index is used to find the file name in the following table.
:file_names 5;
    "N/A";
    "<interactive>";
    "fabyhatb.v";
    "./fafa.v";
    "./haha.v";
